<?xml version="1.0" encoding="UTF-8"?>
<!-- Generated by org.testng.reporters.JUnitXMLReporter -->
<testsuite hostname="eXecutioner-PC" ignored="2" name="Testing" tests="14" failures="1" timestamp="04 Aug 2018 09:17:20 GMT" time="41.836" errors="0">
  <testcase name="checkURL" time="0.902" classname="tests.LoginPageTests"/>
  <testcase name="loginSuccessful" time="1.953" classname="tests.LoginPageTests"/>
  <testcase name="verifySelectClientDisplayed" time="0.087" classname="tests.InvoicesPageTests"/>
  <testcase name="verifyInvoicesFromDisplayed" time="0.633" classname="tests.InvoicesPageTests"/>
  <testcase name="verifyInvoicesToDisplayed" time="0.292" classname="tests.InvoicesPageTests"/>
  <testcase name="verifyFilterPeriodDropBtnDisplayed" time="0.075" classname="tests.InvoicesPageTests"/>
  <testcase name="verifyFilterResetAll" time="0.077" classname="tests.InvoicesPageTests"/>
  <testcase name="verifyAddInvoiceBtn" time="0.08" classname="tests.InvoicesPageTests"/>
  <testcase name="checkAddInvoiceBtn" time="0.728" classname="tests.InvoicesPageTests"/>
  <testcase name="checkInvoiceBackBtn" time="0.727" classname="tests.InvoicesPageTests"/>
  <testcase name="checkSaveInvoiceEmpty" time="1.564" classname="tests.InvoicesPageTests"/>
  <testcase name="fillInInvoiceToFld" time="1.833" classname="tests.InvoicesPageTests"/>
  <testcase name="backFromFilledInoiceForm" time="0.947" classname="tests.InvoicesPageTests"/>
  <testcase name="fillInInvoiceFromFld" time="31.913" classname="tests.InvoicesPageTests">
    <failure type="org.openqa.selenium.TimeoutException" message="Expected condition failed: waiting for visibility of all [] (tried for 30 second(s) with 500 milliseconds interval)
Build info: version: &amp;apos;3.13.0&amp;apos;, revision: &amp;apos;2f0d292&amp;apos;, time: &amp;apos;2018-06-25T15:32:14.902Z&amp;apos;
System info: host: &amp;apos;EXECUTIONER-PC&amp;apos;, ip: &amp;apos;192.168.22.1&amp;apos;, os.name: &amp;apos;Windows 7&amp;apos;, os.arch: &amp;apos;amd64&amp;apos;, os.version: &amp;apos;6.1&amp;apos;, java.version: &amp;apos;1.8.0_181&amp;apos;
Driver info: org.openqa.selenium.chrome.ChromeDriver
Capabilities {acceptInsecureCerts: false, acceptSslCerts: false, applicationCacheEnabled: false, browserConnectionEnabled: false, browserName: chrome, chrome: {chromedriverVersion: 2.40.565498 (ea082db3280dd6..., userDataDir: C:\Users\EXECUT~1\AppData\L...}, cssSelectorsEnabled: true, databaseEnabled: false, handlesAlerts: true, hasTouchScreen: false, javascriptEnabled: true, locationContextEnabled: true, mobileEmulationEnabled: false, nativeEvents: true, networkConnectionEnabled: false, pageLoadStrategy: normal, platform: XP, platformName: XP, rotatable: false, setWindowRect: true, takesHeapSnapshot: true, takesScreenshot: true, unexpectedAlertBehaviour: , unhandledPromptBehavior: , version: 68.0.3440.84, webStorageEnabled: true}
Session ID: d1e1a4b762455e7b414480728ea1eda6">
      <![CDATA[org.openqa.selenium.TimeoutException: Expected condition failed: waiting for visibility of all [] (tried for 30 second(s) with 500 milliseconds interval)
Build info: version: '3.13.0', revision: '2f0d292', time: '2018-06-25T15:32:14.902Z'
System info: host: 'EXECUTIONER-PC', ip: '192.168.22.1', os.name: 'Windows 7', os.arch: 'amd64', os.version: '6.1', java.version: '1.8.0_181'
Driver info: org.openqa.selenium.chrome.ChromeDriver
Capabilities {acceptInsecureCerts: false, acceptSslCerts: false, applicationCacheEnabled: false, browserConnectionEnabled: false, browserName: chrome, chrome: {chromedriverVersion: 2.40.565498 (ea082db3280dd6..., userDataDir: C:\Users\EXECUT~1\AppData\L...}, cssSelectorsEnabled: true, databaseEnabled: false, handlesAlerts: true, hasTouchScreen: false, javascriptEnabled: true, locationContextEnabled: true, mobileEmulationEnabled: false, nativeEvents: true, networkConnectionEnabled: false, pageLoadStrategy: normal, platform: XP, platformName: XP, rotatable: false, setWindowRect: true, takesHeapSnapshot: true, takesScreenshot: true, unexpectedAlertBehaviour: , unhandledPromptBehavior: , version: 68.0.3440.84, webStorageEnabled: true}
Session ID: d1e1a4b762455e7b414480728ea1eda6
at org.openqa.selenium.support.ui.WebDriverWait.timeoutException(WebDriverWait.java:81)
at org.openqa.selenium.support.ui.FluentWait.until(FluentWait.java:271)
at pages.InvoicesPage.getInvoiceFormClientSelectFromListText(InvoicesPage.java:256)
at tests.InvoicesPageTests.fillInInvoiceFromFld(InvoicesPageTests.java:144)
... Removed 25 stack frames]]>
    </failure>
  </testcase> <!-- fillInInvoiceFromFld -->
  <testcase name="@BeforeSuite setUp" time="0.0" classname="tests.InitTest">
    <ignored/>
  </testcase> <!-- @BeforeSuite setUp -->
  <testcase name="@AfterSuite tearDown" time="0.0" classname="tests.InitTest">
    <ignored/>
  </testcase> <!-- @AfterSuite tearDown -->
</testsuite> <!-- Testing -->
